<?xml version="1.0" encoding="UTF-8"?>
<testsuite name="com.Bridgelab.UserRegistrationTest" tests="1" skipped="0" failures="0" errors="0" timestamp="2021-08-07T04:35:28" hostname="DESKTOP-I2EONEO" time="0.038">
  <properties/>
  <testcase name="givenlastName_whenvalidlastname_ShouldretrunTrue()" classname="com.Bridgelab.UserRegistrationTest" time="0.038"/>
  <system-out><![CDATA[]]></system-out>
  <system-err><![CDATA[]]></system-err>
</testsuite>
